TN:
SF:D:\Learnings and MEAN\MEAN-angular2\mean-project-manager-app\src\polyfills.ts
FNF:0
FNH:0
LF:0
LH:0
BRF:0
BRH:0
end_of_record
TN:
SF:D:\Learnings and MEAN\MEAN-angular2\mean-project-manager-app\src\test.ts
FNF:0
FNH:0
DA:13,1
DA:18,1
DA:20,1
LF:3
LH:3
BRF:0
BRH:0
end_of_record
TN:
SF:D:\Learnings and MEAN\MEAN-angular2\mean-project-manager-app\src\app\app.component.ts
FN:3,AppComponent
FNF:1
FNH:1
FNDA:3,AppComponent
DA:8,1
DA:9,3
DA:10,1
LF:3
LH:3
BRF:0
BRH:0
end_of_record
TN:
SF:D:\Learnings and MEAN\MEAN-angular2\mean-project-manager-app\src\app\components\add-project\add-project.component.ts
FN:28,AddProjectComponent
FN:38,(anonymous_2)
FN:43,(anonymous_3)
FN:54,(anonymous_4)
FN:62,(anonymous_5)
FN:68,(anonymous_6)
FN:74,(anonymous_7)
FN:86,(anonymous_8)
FN:95,(anonymous_9)
FN:102,(anonymous_10)
FN:108,(anonymous_11)
FN:109,(anonymous_12)
FN:116,(anonymous_13)
FN:117,(anonymous_14)
FN:123,(anonymous_15)
FN:124,(anonymous_16)
FN:128,(anonymous_17)
FN:131,(anonymous_18)
FN:139,(anonymous_19)
FN:155,(anonymous_20)
FN:160,(anonymous_21)
FN:166,(anonymous_22)
FN:30,(anonymous_23)
FNF:23
FNH:22
FNDA:13,AddProjectComponent
FNDA:3,(anonymous_2)
FNDA:2,(anonymous_3)
FNDA:1,(anonymous_4)
FNDA:1,(anonymous_5)
FNDA:1,(anonymous_6)
FNDA:1,(anonymous_7)
FNDA:1,(anonymous_8)
FNDA:1,(anonymous_9)
FNDA:1,(anonymous_10)
FNDA:16,(anonymous_11)
FNDA:3,(anonymous_12)
FNDA:14,(anonymous_13)
FNDA:1,(anonymous_14)
FNDA:4,(anonymous_15)
FNDA:3,(anonymous_16)
FNDA:3,(anonymous_17)
FNDA:0,(anonymous_18)
FNDA:26,(anonymous_19)
FNDA:1,(anonymous_20)
FNDA:1,(anonymous_21)
FNDA:1,(anonymous_22)
FNDA:13,(anonymous_23)
DA:11,1
DA:13,13
DA:28,13
DA:30,1
DA:31,13
DA:32,13
DA:33,13
DA:34,13
DA:35,13
DA:38,13
DA:39,3
DA:40,3
DA:43,13
DA:45,1
DA:46,1
DA:48,1
DA:49,1
DA:54,13
DA:62,1
DA:63,1
DA:64,1
DA:65,1
DA:66,1
DA:68,1
DA:69,1
DA:74,13
DA:75,1
DA:78,1
DA:79,1
DA:80,1
DA:81,1
DA:82,1
DA:83,1
DA:86,13
DA:95,1
DA:96,1
DA:97,1
DA:98,1
DA:99,1
DA:100,1
DA:102,1
DA:103,1
DA:108,16
DA:109,16
DA:110,3
DA:111,3
DA:112,3
DA:116,14
DA:117,14
DA:118,1
DA:119,1
DA:123,13
DA:124,4
DA:125,3
DA:126,3
DA:127,3
DA:128,3
DA:129,3
DA:130,3
DA:131,3
DA:132,0
DA:133,0
DA:139,13
DA:140,26
DA:141,26
DA:142,26
DA:143,26
DA:144,26
DA:145,26
DA:146,26
DA:147,26
DA:148,26
DA:149,26
DA:155,13
DA:156,1
DA:157,1
DA:160,13
DA:162,1
DA:166,13
DA:167,1
DA:169,0
DA:170,0
DA:171,0
DA:175,1
LF:84
LH:79
BRDA:132,0,0,0
BRDA:132,0,1,0
BRDA:148,1,0,0
BRDA:148,1,1,26
BRF:4
BRH:1
end_of_record
TN:
SF:D:\Learnings and MEAN\MEAN-angular2\mean-project-manager-app\src\app\components\add-task\add-task.component.ts
FN:42,AddTaskComponent
FN:97,(anonymous_2)
FN:98,(anonymous_3)
FN:108,(anonymous_4)
FN:109,(anonymous_5)
FN:115,(anonymous_6)
FN:116,(anonymous_7)
FN:125,(anonymous_8)
FN:142,(anonymous_9)
FN:149,(anonymous_10)
FN:155,(anonymous_11)
FN:161,(anonymous_12)
FN:167,(anonymous_13)
FN:172,(anonymous_14)
FN:188,(anonymous_15)
FN:192,(anonymous_16)
FN:204,(anonymous_17)
FN:210,(anonymous_18)
FN:215,(anonymous_19)
FN:216,(anonymous_20)
FN:220,(anonymous_21)
FN:221,(anonymous_22)
FN:44,(anonymous_23)
FN:85,(anonymous_24)
FNF:24
FNH:23
FNDA:14,AddTaskComponent
FNDA:16,(anonymous_2)
FNDA:2,(anonymous_3)
FNDA:15,(anonymous_4)
FNDA:1,(anonymous_5)
FNDA:15,(anonymous_6)
FNDA:1,(anonymous_7)
FNDA:1,(anonymous_8)
FNDA:1,(anonymous_9)
FNDA:1,(anonymous_10)
FNDA:1,(anonymous_11)
FNDA:1,(anonymous_12)
FNDA:1,(anonymous_13)
FNDA:29,(anonymous_14)
FNDA:0,(anonymous_15)
FNDA:1,(anonymous_16)
FNDA:1,(anonymous_17)
FNDA:1,(anonymous_18)
FNDA:1,(anonymous_19)
FNDA:1,(anonymous_20)
FNDA:1,(anonymous_21)
FNDA:1,(anonymous_22)
FNDA:14,(anonymous_23)
FNDA:3,(anonymous_24)
DA:10,1
DA:12,14
DA:42,14
DA:44,1
DA:45,14
DA:46,14
DA:47,14
DA:49,14
DA:60,14
DA:61,14
DA:62,14
DA:68,14
DA:69,14
DA:70,14
DA:72,0
DA:73,0
DA:74,0
DA:75,0
DA:85,1
DA:86,3
DA:92,3
DA:93,3
DA:94,3
DA:97,16
DA:98,16
DA:99,2
DA:100,2
DA:102,0
DA:108,15
DA:109,15
DA:110,1
DA:111,1
DA:115,15
DA:116,15
DA:117,1
DA:118,1
DA:120,0
DA:125,14
DA:127,0
DA:131,1
DA:140,1
DA:143,1
DA:144,1
DA:145,1
DA:146,1
DA:149,1
DA:150,1
DA:155,14
DA:156,1
DA:157,1
DA:158,1
DA:161,14
DA:162,1
DA:163,1
DA:164,1
DA:167,14
DA:168,1
DA:169,1
DA:172,14
DA:173,29
DA:174,29
DA:175,29
DA:176,29
DA:177,29
DA:178,29
DA:179,29
DA:180,29
DA:181,29
DA:182,29
DA:188,14
DA:189,0
DA:192,14
DA:193,1
DA:202,1
DA:205,1
DA:206,1
DA:207,1
DA:210,1
DA:211,1
DA:215,14
DA:216,1
DA:217,1
DA:220,14
DA:221,1
DA:222,1
DA:225,1
LF:86
LH:78
BRDA:101,0,0,2
BRDA:101,0,1,2
BRDA:119,1,0,1
BRDA:119,1,1,1
BRDA:162,2,0,1
BRDA:162,2,1,0
BRDA:163,3,0,1
BRDA:163,3,1,0
BRDA:181,4,0,0
BRDA:181,4,1,29
BRDA:71,5,0,14
BRDA:71,5,1,14
BRF:12
BRH:9
end_of_record
TN:
SF:D:\Learnings and MEAN\MEAN-angular2\mean-project-manager-app\src\app\components\add-user\add-user.component.ts
FN:21,AddUserComponent
FN:27,(anonymous_2)
FN:30,(anonymous_3)
FN:35,(anonymous_4)
FN:36,(anonymous_5)
FN:63,(anonymous_6)
FN:69,(anonymous_7)
FN:79,(anonymous_8)
FN:80,(anonymous_9)
FN:86,(anonymous_10)
FN:91,(anonymous_11)
FN:92,(anonymous_12)
FN:97,(anonymous_13)
FN:23,(anonymous_14)
FN:42,(anonymous_15)
FN:50,(anonymous_16)
FN:57,(anonymous_17)
FN:102,(anonymous_18)
FNF:18
FNH:18
FNDA:9,AddUserComponent
FNDA:2,(anonymous_2)
FNDA:2,(anonymous_3)
FNDA:13,(anonymous_4)
FNDA:4,(anonymous_5)
FNDA:1,(anonymous_6)
FNDA:1,(anonymous_7)
FNDA:1,(anonymous_8)
FNDA:1,(anonymous_9)
FNDA:1,(anonymous_10)
FNDA:1,(anonymous_11)
FNDA:1,(anonymous_12)
FNDA:1,(anonymous_13)
FNDA:9,(anonymous_14)
FNDA:1,(anonymous_15)
FNDA:1,(anonymous_16)
FNDA:1,(anonymous_17)
FNDA:9,(anonymous_18)
DA:10,1
DA:11,9
DA:21,9
DA:23,1
DA:24,9
DA:27,9
DA:28,2
DA:30,9
DA:31,2
DA:32,2
DA:35,13
DA:36,13
DA:37,4
DA:38,4
DA:42,1
DA:43,1
DA:48,1
DA:51,1
DA:52,1
DA:53,1
DA:54,1
DA:57,1
DA:58,1
DA:63,9
DA:65,1
DA:69,9
DA:70,1
DA:73,1
DA:74,1
DA:75,1
DA:76,1
DA:79,9
DA:80,1
DA:81,1
DA:82,1
DA:83,1
DA:84,1
DA:86,1
DA:87,1
DA:91,9
DA:92,1
DA:93,1
DA:94,1
DA:95,1
DA:97,1
DA:98,1
DA:102,1
DA:103,9
DA:107,1
LF:49
LH:49
BRF:0
BRH:0
end_of_record
TN:
SF:D:\Learnings and MEAN\MEAN-angular2\mean-project-manager-app\src\app\components\header\header.component.ts
FN:10,HeaderComponent
FN:12,(anonymous_2)
FN:15,(anonymous_3)
FN:17,(anonymous_4)
FNF:4
FNH:4
FNDA:5,HeaderComponent
FNDA:3,(anonymous_2)
FNDA:1,(anonymous_3)
FNDA:4,(anonymous_4)
DA:8,1
DA:12,1
DA:15,1
DA:16,1
DA:17,1
DA:18,4
DA:20,1
DA:23,1
LF:8
LH:8
BRF:0
BRH:0
end_of_record
TN:
SF:D:\Learnings and MEAN\MEAN-angular2\mean-project-manager-app\src\app\components\view-task\view-task.component.ts
FN:20,ViewTaskComponent
FN:27,(anonymous_2)
FN:28,(anonymous_3)
FN:33,(anonymous_4)
FN:34,(anonymous_5)
FN:40,(anonymous_6)
FN:41,(anonymous_7)
FN:45,(anonymous_8)
FN:46,(anonymous_9)
FN:52,(anonymous_10)
FN:59,(anonymous_11)
FN:64,(anonymous_12)
FN:68,(anonymous_13)
FN:74,(anonymous_14)
FN:22,(anonymous_15)
FNF:15
FNH:15
FNDA:9,ViewTaskComponent
FNDA:10,(anonymous_2)
FNDA:1,(anonymous_3)
FNDA:10,(anonymous_4)
FNDA:1,(anonymous_5)
FNDA:1,(anonymous_6)
FNDA:1,(anonymous_7)
FNDA:1,(anonymous_8)
FNDA:1,(anonymous_9)
FNDA:1,(anonymous_10)
FNDA:1,(anonymous_11)
FNDA:1,(anonymous_12)
FNDA:1,(anonymous_13)
FNDA:1,(anonymous_14)
FNDA:9,(anonymous_15)
DA:11,1
DA:13,9
DA:20,9
DA:22,1
DA:23,9
DA:24,9
DA:27,10
DA:28,10
DA:29,1
DA:30,1
DA:33,10
DA:34,10
DA:35,1
DA:36,1
DA:40,9
DA:41,1
DA:42,1
DA:45,9
DA:46,1
DA:47,1
DA:48,1
DA:52,9
DA:53,1
DA:54,1
DA:55,1
DA:56,1
DA:59,9
DA:64,1
DA:68,9
DA:69,1
DA:70,1
DA:71,1
DA:74,9
DA:76,1
DA:80,1
LF:35
LH:35
BRF:0
BRH:0
end_of_record
TN:
SF:D:\Learnings and MEAN\MEAN-angular2\mean-project-manager-app\src\app\pipes\filter.pipe.ts
FN:5,FilterPipe
FN:6,(anonymous_2)
FN:11,(anonymous_3)
FNF:3
FNH:3
FNDA:50,FilterPipe
FNDA:107,(anonymous_2)
FNDA:18,(anonymous_3)
DA:5,1
DA:6,1
DA:7,107
DA:8,107
DA:9,19
DA:10,2
DA:11,2
DA:12,18
DA:15,1
LF:9
LH:9
BRDA:8,0,0,88
BRDA:8,0,1,19
BRDA:9,1,0,17
BRDA:9,1,1,2
BRF:4
BRH:4
end_of_record
TN:
SF:D:\Learnings and MEAN\MEAN-angular2\mean-project-manager-app\src\app\services\backend-api.service.ts
FN:10,BackendApiService
FN:12,(anonymous_2)
FN:15,(anonymous_3)
FN:19,(anonymous_4)
FN:21,(anonymous_5)
FN:26,(anonymous_6)
FN:28,(anonymous_7)
FN:34,(anonymous_8)
FN:36,(anonymous_9)
FN:42,(anonymous_10)
FN:44,(anonymous_11)
FN:50,(anonymous_12)
FN:52,(anonymous_13)
FN:58,(anonymous_14)
FN:60,(anonymous_15)
FN:66,(anonymous_16)
FN:68,(anonymous_17)
FN:74,(anonymous_18)
FN:76,(anonymous_19)
FN:81,(anonymous_20)
FN:83,(anonymous_21)
FN:88,(anonymous_22)
FN:90,(anonymous_23)
FN:95,(anonymous_24)
FN:97,(anonymous_25)
FN:103,(anonymous_26)
FN:105,(anonymous_27)
FNF:27
FNH:27
FNDA:59,BackendApiService
FNDA:1,(anonymous_2)
FNDA:15,(anonymous_3)
FNDA:1,(anonymous_4)
FNDA:1,(anonymous_5)
FNDA:37,(anonymous_6)
FNDA:1,(anonymous_7)
FNDA:1,(anonymous_8)
FNDA:1,(anonymous_9)
FNDA:1,(anonymous_10)
FNDA:1,(anonymous_11)
FNDA:1,(anonymous_12)
FNDA:1,(anonymous_13)
FNDA:37,(anonymous_14)
FNDA:1,(anonymous_15)
FNDA:1,(anonymous_16)
FNDA:1,(anonymous_17)
FNDA:1,(anonymous_18)
FNDA:1,(anonymous_19)
FNDA:1,(anonymous_20)
FNDA:1,(anonymous_21)
FNDA:1,(anonymous_22)
FNDA:1,(anonymous_23)
FNDA:24,(anonymous_24)
FNDA:1,(anonymous_25)
FNDA:1,(anonymous_26)
FNDA:1,(anonymous_27)
DA:8,1
DA:10,59
DA:12,1
DA:13,1
DA:15,1
DA:16,15
DA:19,1
DA:20,1
DA:22,1
DA:26,1
DA:27,37
DA:29,1
DA:34,1
DA:35,1
DA:37,1
DA:42,1
DA:43,1
DA:45,1
DA:50,1
DA:51,1
DA:53,1
DA:58,1
DA:59,37
DA:61,1
DA:66,1
DA:67,1
DA:69,1
DA:74,1
DA:75,1
DA:77,1
DA:81,1
DA:82,1
DA:84,1
DA:88,1
DA:89,1
DA:91,1
DA:95,1
DA:96,24
DA:98,1
DA:103,1
DA:104,1
DA:106,1
DA:110,1
LF:43
LH:43
BRF:0
BRH:0
end_of_record
