TN:
SF:E:\Saravanan P\FSEProjectManager Workspace\FrontEnd Workspace\FSEProjectManager-UI\src\polyfills.ts
FNF:0
FNH:0
LF:0
LH:0
BRF:0
BRH:0
end_of_record
TN:
SF:E:\Saravanan P\FSEProjectManager Workspace\FrontEnd Workspace\FSEProjectManager-UI\src\test.ts
FNF:0
FNH:0
DA:13,1
DA:18,1
DA:20,1
LF:3
LH:3
BRF:0
BRH:0
end_of_record
TN:
SF:E:\Saravanan P\FSEProjectManager Workspace\FrontEnd Workspace\FSEProjectManager-UI\src\app\app.component.ts
FN:8,(anonymous_0)
FN:3,AppComponent
FNF:2
FNH:2
FNDA:1,(anonymous_0)
FNDA:3,AppComponent
DA:8,1
DA:9,3
DA:10,1
LF:3
LH:3
BRF:0
BRH:0
end_of_record
TN:
SF:E:\Saravanan P\FSEProjectManager Workspace\FrontEnd Workspace\FSEProjectManager-UI\src\app\components\add-project\add-project.component.ts
FN:11,(anonymous_0)
FN:28,AddProjectComponent
FN:38,(anonymous_2)
FN:43,(anonymous_3)
FN:54,(anonymous_4)
FN:62,(anonymous_5)
FN:68,(anonymous_6)
FN:74,(anonymous_7)
FN:86,(anonymous_8)
FN:95,(anonymous_9)
FN:102,(anonymous_10)
FN:108,(anonymous_11)
FN:117,(anonymous_12)
FN:124,(anonymous_13)
FN:130,(anonymous_14)
FN:131,(anonymous_15)
FN:138,(anonymous_16)
FN:139,(anonymous_17)
FN:145,(anonymous_18)
FN:146,(anonymous_19)
FN:150,(anonymous_20)
FN:153,(anonymous_21)
FN:161,(anonymous_22)
FN:177,(anonymous_23)
FN:182,(anonymous_24)
FN:188,(anonymous_25)
FN:30,(anonymous_26)
FNF:27
FNH:22
FNDA:1,(anonymous_0)
FNDA:13,AddProjectComponent
FNDA:3,(anonymous_2)
FNDA:2,(anonymous_3)
FNDA:1,(anonymous_4)
FNDA:1,(anonymous_5)
FNDA:1,(anonymous_6)
FNDA:1,(anonymous_7)
FNDA:1,(anonymous_8)
FNDA:1,(anonymous_9)
FNDA:1,(anonymous_10)
FNDA:0,(anonymous_11)
FNDA:0,(anonymous_12)
FNDA:0,(anonymous_13)
FNDA:16,(anonymous_14)
FNDA:3,(anonymous_15)
FNDA:14,(anonymous_16)
FNDA:1,(anonymous_17)
FNDA:4,(anonymous_18)
FNDA:3,(anonymous_19)
FNDA:0,(anonymous_20)
FNDA:0,(anonymous_21)
FNDA:26,(anonymous_22)
FNDA:1,(anonymous_23)
FNDA:1,(anonymous_24)
FNDA:1,(anonymous_25)
FNDA:13,(anonymous_26)
DA:11,1
DA:13,13
DA:28,13
DA:30,1
DA:31,13
DA:32,13
DA:33,13
DA:34,13
DA:35,13
DA:38,13
DA:39,3
DA:40,3
DA:43,13
DA:44,2
DA:45,1
DA:46,1
DA:48,1
DA:49,1
DA:54,13
DA:55,1
DA:62,1
DA:63,1
DA:64,1
DA:65,1
DA:66,1
DA:68,1
DA:69,1
DA:74,13
DA:75,1
DA:78,1
DA:79,1
DA:80,1
DA:81,1
DA:82,1
DA:83,1
DA:86,13
DA:87,1
DA:95,1
DA:96,1
DA:97,1
DA:98,1
DA:99,1
DA:100,1
DA:102,1
DA:103,1
DA:108,13
DA:109,0
DA:117,0
DA:118,0
DA:119,0
DA:120,0
DA:121,0
DA:122,0
DA:124,0
DA:125,0
DA:130,16
DA:131,16
DA:132,3
DA:133,3
DA:134,3
DA:138,14
DA:139,14
DA:140,1
DA:141,1
DA:145,13
DA:146,4
DA:147,3
DA:148,3
DA:149,3
DA:150,3
DA:151,0
DA:152,0
DA:153,0
DA:154,0
DA:155,0
DA:161,13
DA:162,26
DA:163,26
DA:164,26
DA:165,26
DA:166,26
DA:167,26
DA:168,26
DA:169,26
DA:170,26
DA:171,26
DA:177,13
DA:178,1
DA:179,1
DA:182,13
DA:183,1
DA:184,1
DA:188,13
DA:189,1
DA:190,1
DA:191,0
DA:192,0
DA:193,0
DA:197,1
LF:99
LH:82
BRDA:44,0,0,1
BRDA:44,0,1,1
BRDA:154,1,0,0
BRDA:154,1,1,0
BRDA:164,2,0,0
BRDA:164,2,1,26
BRDA:167,3,0,26
BRDA:167,3,1,0
BRDA:170,4,0,0
BRDA:170,4,1,26
BRDA:183,5,0,1
BRDA:183,5,1,0
BRDA:190,6,0,0
BRDA:190,6,1,1
BRF:14
BRH:7
end_of_record
TN:
SF:E:\Saravanan P\FSEProjectManager Workspace\FrontEnd Workspace\FSEProjectManager-UI\src\app\components\add-task\add-task.component.ts
FN:10,(anonymous_0)
FN:42,AddTaskComponent
FN:82,(anonymous_2)
FN:83,(anonymous_3)
FN:93,(anonymous_4)
FN:94,(anonymous_5)
FN:100,(anonymous_6)
FN:101,(anonymous_7)
FN:110,(anonymous_8)
FN:117,(anonymous_9)
FN:136,(anonymous_10)
FN:145,(anonymous_11)
FN:151,(anonymous_12)
FN:157,(anonymous_13)
FN:163,(anonymous_14)
FN:168,(anonymous_15)
FN:184,(anonymous_16)
FN:188,(anonymous_17)
FN:200,(anonymous_18)
FN:206,(anonymous_19)
FN:211,(anonymous_20)
FN:212,(anonymous_21)
FN:216,(anonymous_22)
FN:217,(anonymous_23)
FN:44,(anonymous_24)
FN:75,(anonymous_25)
FNF:26
FNH:24
FNDA:1,(anonymous_0)
FNDA:14,AddTaskComponent
FNDA:16,(anonymous_2)
FNDA:2,(anonymous_3)
FNDA:15,(anonymous_4)
FNDA:1,(anonymous_5)
FNDA:15,(anonymous_6)
FNDA:1,(anonymous_7)
FNDA:1,(anonymous_8)
FNDA:0,(anonymous_9)
FNDA:1,(anonymous_10)
FNDA:1,(anonymous_11)
FNDA:1,(anonymous_12)
FNDA:1,(anonymous_13)
FNDA:1,(anonymous_14)
FNDA:29,(anonymous_15)
FNDA:0,(anonymous_16)
FNDA:1,(anonymous_17)
FNDA:1,(anonymous_18)
FNDA:1,(anonymous_19)
FNDA:1,(anonymous_20)
FNDA:1,(anonymous_21)
FNDA:1,(anonymous_22)
FNDA:1,(anonymous_23)
FNDA:14,(anonymous_24)
FNDA:3,(anonymous_25)
DA:10,1
DA:12,14
DA:42,14
DA:44,1
DA:45,14
DA:46,14
DA:47,14
DA:48,14
DA:49,14
DA:60,14
DA:61,14
DA:62,14
DA:64,14
DA:65,14
DA:66,14
DA:67,14
DA:68,0
DA:69,0
DA:70,0
DA:71,0
DA:75,1
DA:76,3
DA:77,3
DA:78,3
DA:79,3
DA:82,16
DA:83,16
DA:84,2
DA:85,2
DA:86,2
DA:87,0
DA:93,15
DA:94,15
DA:95,1
DA:96,1
DA:100,15
DA:101,15
DA:102,1
DA:103,1
DA:104,1
DA:105,0
DA:110,14
DA:111,1
DA:112,0
DA:115,0
DA:118,0
DA:119,0
DA:120,0
DA:121,0
DA:125,1
DA:134,1
DA:137,1
DA:138,1
DA:139,1
DA:140,1
DA:145,1
DA:146,1
DA:151,14
DA:152,1
DA:153,1
DA:154,1
DA:157,14
DA:158,1
DA:159,1
DA:160,1
DA:163,14
DA:164,1
DA:165,1
DA:168,14
DA:169,29
DA:170,29
DA:171,29
DA:172,29
DA:173,29
DA:174,29
DA:175,29
DA:176,29
DA:177,29
DA:178,29
DA:184,14
DA:185,0
DA:188,14
DA:189,1
DA:198,1
DA:201,1
DA:202,1
DA:203,1
DA:206,1
DA:207,1
DA:211,14
DA:212,1
DA:213,1
DA:216,14
DA:217,1
DA:218,1
DA:221,1
LF:96
LH:83
BRDA:86,0,0,0
BRDA:86,0,1,2
BRDA:86,1,0,2
BRDA:86,1,1,2
BRDA:104,2,0,0
BRDA:104,2,1,1
BRDA:104,3,0,1
BRDA:104,3,1,1
BRDA:111,4,0,0
BRDA:111,4,1,1
BRDA:158,5,0,1
BRDA:158,5,1,0
BRDA:159,6,0,1
BRDA:159,6,1,0
BRDA:171,7,0,0
BRDA:171,7,1,29
BRDA:174,8,0,29
BRDA:174,8,1,0
BRDA:177,9,0,0
BRDA:177,9,1,29
BRDA:48,10,0,14
BRDA:48,10,1,0
BRDA:67,11,0,0
BRDA:67,11,1,14
BRDA:67,12,0,14
BRDA:67,12,1,14
BRF:26
BRH:16
end_of_record
TN:
SF:E:\Saravanan P\FSEProjectManager Workspace\FrontEnd Workspace\FSEProjectManager-UI\src\app\components\add-user\add-user.component.ts
FN:10,(anonymous_0)
FN:21,AddUserComponent
FN:27,(anonymous_2)
FN:30,(anonymous_3)
FN:35,(anonymous_4)
FN:36,(anonymous_5)
FN:63,(anonymous_6)
FN:69,(anonymous_7)
FN:79,(anonymous_8)
FN:80,(anonymous_9)
FN:86,(anonymous_10)
FN:91,(anonymous_11)
FN:92,(anonymous_12)
FN:97,(anonymous_13)
FN:23,(anonymous_14)
FN:42,(anonymous_15)
FN:50,(anonymous_16)
FN:57,(anonymous_17)
FN:102,(anonymous_18)
FNF:19
FNH:19
FNDA:1,(anonymous_0)
FNDA:9,AddUserComponent
FNDA:2,(anonymous_2)
FNDA:2,(anonymous_3)
FNDA:13,(anonymous_4)
FNDA:4,(anonymous_5)
FNDA:1,(anonymous_6)
FNDA:1,(anonymous_7)
FNDA:1,(anonymous_8)
FNDA:1,(anonymous_9)
FNDA:1,(anonymous_10)
FNDA:1,(anonymous_11)
FNDA:1,(anonymous_12)
FNDA:1,(anonymous_13)
FNDA:9,(anonymous_14)
FNDA:1,(anonymous_15)
FNDA:1,(anonymous_16)
FNDA:1,(anonymous_17)
FNDA:9,(anonymous_18)
DA:10,1
DA:11,9
DA:21,9
DA:23,1
DA:24,9
DA:27,9
DA:28,2
DA:30,9
DA:31,2
DA:32,2
DA:35,13
DA:36,13
DA:37,4
DA:38,4
DA:42,1
DA:43,1
DA:48,1
DA:51,1
DA:52,1
DA:53,1
DA:54,1
DA:57,1
DA:58,1
DA:63,9
DA:64,1
DA:65,1
DA:69,9
DA:70,1
DA:73,1
DA:74,1
DA:75,1
DA:76,1
DA:79,9
DA:80,1
DA:81,1
DA:82,1
DA:83,1
DA:84,1
DA:86,1
DA:87,1
DA:91,9
DA:92,1
DA:93,1
DA:94,1
DA:95,1
DA:97,1
DA:98,1
DA:102,1
DA:103,9
DA:106,1
LF:50
LH:50
BRDA:64,0,0,1
BRDA:64,0,1,0
BRF:2
BRH:1
end_of_record
TN:
SF:E:\Saravanan P\FSEProjectManager Workspace\FrontEnd Workspace\FSEProjectManager-UI\src\app\components\header\header.component.ts
FN:8,(anonymous_0)
FN:10,HeaderComponent
FN:12,(anonymous_2)
FN:15,(anonymous_3)
FN:17,(anonymous_4)
FNF:5
FNH:5
FNDA:1,(anonymous_0)
FNDA:5,HeaderComponent
FNDA:3,(anonymous_2)
FNDA:1,(anonymous_3)
FNDA:4,(anonymous_4)
DA:8,1
DA:12,1
DA:15,1
DA:16,1
DA:17,1
DA:18,4
DA:20,1
DA:23,1
LF:8
LH:8
BRF:0
BRH:0
end_of_record
TN:
SF:E:\Saravanan P\FSEProjectManager Workspace\FrontEnd Workspace\FSEProjectManager-UI\src\app\components\view-task\view-task.component.ts
FN:11,(anonymous_0)
FN:20,ViewTaskComponent
FN:27,(anonymous_2)
FN:28,(anonymous_3)
FN:33,(anonymous_4)
FN:34,(anonymous_5)
FN:40,(anonymous_6)
FN:41,(anonymous_7)
FN:45,(anonymous_8)
FN:46,(anonymous_9)
FN:52,(anonymous_10)
FN:59,(anonymous_11)
FN:69,(anonymous_12)
FN:73,(anonymous_13)
FN:79,(anonymous_14)
FN:22,(anonymous_15)
FNF:16
FNH:15
FNDA:1,(anonymous_0)
FNDA:9,ViewTaskComponent
FNDA:10,(anonymous_2)
FNDA:1,(anonymous_3)
FNDA:10,(anonymous_4)
FNDA:1,(anonymous_5)
FNDA:1,(anonymous_6)
FNDA:1,(anonymous_7)
FNDA:1,(anonymous_8)
FNDA:0,(anonymous_9)
FNDA:1,(anonymous_10)
FNDA:1,(anonymous_11)
FNDA:1,(anonymous_12)
FNDA:1,(anonymous_13)
FNDA:1,(anonymous_14)
FNDA:9,(anonymous_15)
DA:11,1
DA:13,9
DA:20,9
DA:22,1
DA:23,9
DA:24,9
DA:27,10
DA:28,10
DA:29,1
DA:30,1
DA:33,10
DA:34,10
DA:35,1
DA:36,1
DA:40,9
DA:41,1
DA:42,1
DA:45,9
DA:46,1
DA:47,0
DA:48,0
DA:52,9
DA:53,1
DA:54,1
DA:55,1
DA:56,1
DA:59,9
DA:60,1
DA:69,1
DA:73,9
DA:74,1
DA:75,1
DA:76,1
DA:79,9
DA:80,1
DA:81,1
DA:85,1
LF:37
LH:35
BRDA:80,0,0,1
BRDA:80,0,1,0
BRF:2
BRH:1
end_of_record
TN:
SF:E:\Saravanan P\FSEProjectManager Workspace\FrontEnd Workspace\FSEProjectManager-UI\src\app\pipes\filter.pipe.ts
FN:5,(anonymous_0)
FN:6,(anonymous_2)
FN:11,(anonymous_3)
FNF:3
FNH:3
FNDA:51,(anonymous_0)
FNDA:107,(anonymous_2)
FNDA:18,(anonymous_3)
DA:5,1
DA:6,1
DA:7,107
DA:8,107
DA:9,19
DA:10,2
DA:11,2
DA:12,18
DA:15,1
LF:9
LH:9
BRDA:8,0,0,88
BRDA:8,0,1,19
BRDA:9,1,0,17
BRDA:9,1,1,2
BRF:4
BRH:4
end_of_record
TN:
SF:E:\Saravanan P\FSEProjectManager Workspace\FrontEnd Workspace\FSEProjectManager-UI\src\app\services\backend-api.service.ts
FN:8,(anonymous_0)
FN:10,BackendApiService
FN:12,(anonymous_2)
FN:15,(anonymous_3)
FN:19,(anonymous_4)
FN:21,(anonymous_5)
FN:26,(anonymous_6)
FN:28,(anonymous_7)
FN:34,(anonymous_8)
FN:37,(anonymous_9)
FN:43,(anonymous_10)
FN:48,(anonymous_11)
FN:51,(anonymous_12)
FN:57,(anonymous_13)
FN:59,(anonymous_14)
FN:65,(anonymous_15)
FN:67,(anonymous_16)
FN:73,(anonymous_17)
FN:77,(anonymous_18)
FN:79,(anonymous_19)
FN:84,(anonymous_20)
FN:86,(anonymous_21)
FN:91,(anonymous_22)
FN:93,(anonymous_23)
FN:98,(anonymous_24)
FN:100,(anonymous_25)
FN:105,(anonymous_26)
FN:107,(anonymous_27)
FN:113,(anonymous_28)
FN:116,(anonymous_29)
FNF:30
FNH:27
FNDA:1,(anonymous_0)
FNDA:59,BackendApiService
FNDA:1,(anonymous_2)
FNDA:15,(anonymous_3)
FNDA:1,(anonymous_4)
FNDA:1,(anonymous_5)
FNDA:37,(anonymous_6)
FNDA:1,(anonymous_7)
FNDA:1,(anonymous_8)
FNDA:1,(anonymous_9)
FNDA:1,(anonymous_10)
FNDA:1,(anonymous_11)
FNDA:1,(anonymous_12)
FNDA:37,(anonymous_13)
FNDA:1,(anonymous_14)
FNDA:1,(anonymous_15)
FNDA:1,(anonymous_16)
FNDA:1,(anonymous_17)
FNDA:1,(anonymous_18)
FNDA:1,(anonymous_19)
FNDA:1,(anonymous_20)
FNDA:1,(anonymous_21)
FNDA:4,(anonymous_22)
FNDA:0,(anonymous_23)
FNDA:0,(anonymous_24)
FNDA:0,(anonymous_25)
FNDA:24,(anonymous_26)
FNDA:1,(anonymous_27)
FNDA:1,(anonymous_28)
FNDA:1,(anonymous_29)
DA:8,1
DA:10,59
DA:12,1
DA:13,1
DA:15,1
DA:16,15
DA:19,1
DA:20,1
DA:22,1
DA:26,1
DA:27,37
DA:29,1
DA:34,1
DA:35,1
DA:36,1
DA:38,1
DA:43,1
DA:44,1
DA:48,1
DA:49,1
DA:50,1
DA:52,1
DA:57,1
DA:58,37
DA:60,1
DA:65,1
DA:66,1
DA:68,1
DA:73,1
DA:74,1
DA:77,1
DA:78,1
DA:80,1
DA:84,1
DA:85,1
DA:87,1
DA:91,1
DA:92,4
DA:94,0
DA:98,1
DA:99,0
DA:101,0
DA:105,1
DA:106,24
DA:108,1
DA:113,1
DA:115,1
DA:117,1
DA:121,1
LF:49
LH:46
BRF:0
BRH:0
end_of_record
